<?xml version="1.0" encoding="UTF-8"?>
<!-- Generated by org.testng.reporters.JUnitReportReporter -->
<testsuite hostname="DESKTOP-6ITAQL4" failures="0" tests="1" name="test.Facebook" time="1.980" errors="0" timestamp="2024-07-04T16:21:23 IST" skipped="0">
  <testcase classname="test.Facebook" name="t1" time="1.980"/>
  <system-out/>
</testsuite> <!-- test.Facebook -->
