<?xml version="1.0" encoding="UTF-8"?>
<!-- Generated by org.testng.reporters.JUnitReportReporter -->
<testsuite hostname="DESKTOP-6ITAQL4" failures="0" tests="3" name="test.Ebay" time="9.221" errors="0" timestamp="2024-07-04T16:20:54 IST" skipped="0">
  <testcase classname="test.Ebay" name="t1" time="2.262"/>
  <system-out/>
  <testcase classname="test.Ebay" name="t2" time="2.186"/>
  <system-out/>
  <testcase classname="test.Ebay" name="t3" time="4.773"/>
  <system-out/>
</testsuite> <!-- test.Ebay -->
