<?xml version="1.0" encoding="UTF-8"?>
<!-- Generated by org.testng.reporters.JUnitReportReporter -->
<testsuite hostname="DESKTOP-6ITAQL4" failures="0" tests="2" name="test.Datepikker" time="1.632" errors="0" timestamp="2024-07-04T16:20:13 IST" skipped="0">
  <testcase classname="test.Datepikker" name="t1" time="0.897"/>
  <system-out/>
  <testcase classname="test.Datepikker" name="t2" time="0.735"/>
  <system-out/>
</testsuite> <!-- test.Datepikker -->
